This is pdfTeX, Version 3.14159265-2.6-1.40.18 (TeX Live 2017/Debian) (preloaded format=pdflatex 2022.10.21)  21 OCT 2022 11:14
entering extended mode
 restricted \write18 enabled.
 file:line:error style messages enabled.
 %&-line parsing enabled.
**dyplom-inz-utf8-dos_szablon.tex
(./dyplom-inz-utf8-dos_szablon.tex
LaTeX2e <2017-04-15>
Babel <3.18> and hyphenation patterns for 3 language(s) loaded.
(./mgr.cls
Document Class: mgr 2005/12/01 Non-Standard LaTeX document class
(/usr/share/texlive/texmf-dist/tex/latex/base/bk12.clo
File: bk12.clo 2014/09/29 v1.4h Standard LaTeX file (size option)
)
\c@part=\count79
\c@chapter=\count80
\c@section=\count81
\c@subsection=\count82
\c@subsubsection=\count83
\c@paragraph=\count84
\c@subparagraph=\count85
\c@figure=\count86
\c@table=\count87
\abovecaptionskip=\skip41
\belowcaptionskip=\skip42
\bibindent=\dimen102
)

! LaTeX Error: File `polski.sty' not found.

Type X to quit or <RETURN> to proceed,
or enter new name. (Default extension: sty)

Enter file name: 
./dyplom-inz-utf8-dos_szablon.tex:22: Emergency stop.
<read *> 
         
l.22 \usepackage
                [utf8]{inputenc} %kodowanie znaków, zależne od systemu^^M
*** (cannot \read from terminal in nonstop modes)

 
Here is how much of TeX's memory you used:
 284 strings out of 494923
 2988 string characters out of 6180741
 51954 words of memory out of 5000000
 3688 multiletter control sequences out of 15000+600000
 3938 words of font info for 15 fonts, out of 8000000 for 9000
 14 hyphenation exceptions out of 8191
 22i,0n,19p,431b,36s stack positions out of 5000i,500n,10000p,200000b,80000s
./dyplom-inz-utf8-dos_szablon.tex:22:  ==> Fatal error occurred, no output PDF 
file produced!
